<?xml version="1.0" encoding="UTF-8"?>
<testsuite xmlns:xsi="http://www.w3.org/2001/XMLSchema-instance" xsi:noNamespaceSchemaLocation="https://maven.apache.org/surefire/maven-surefire-plugin/xsd/surefire-test-report.xsd" name="com.byr.RedisApplicationTests" time="11.617" tests="2" errors="0" skipped="0" failures="0">
  <properties>
    <property name="sun.desktop" value="windows"/>
    <property name="awt.toolkit" value="sun.awt.windows.WToolkit"/>
    <property name="java.specification.version" value="11"/>
    <property name="sun.cpu.isalist" value="amd64"/>
    <property name="sun.jnu.encoding" value="GBK"/>
    <property name="java.class.path" value="C:\Users\yanrong\mySelfObject\springboot-mybatis-redis\target\test-classes;C:\Users\yanrong\mySelfObject\springboot-mybatis-redis\target\classes;C:\Users\yanrong\.m2\repository\org\springframework\boot\spring-boot-starter\2.1.9.RELEASE\spring-boot-starter-2.1.9.RELEASE.jar;C:\Users\yanrong\.m2\repository\org\springframework\boot\spring-boot\2.1.9.RELEASE\spring-boot-2.1.9.RELEASE.jar;C:\Users\yanrong\.m2\repository\org\springframework\spring-context\5.1.10.RELEASE\spring-context-5.1.10.RELEASE.jar;C:\Users\yanrong\.m2\repository\org\springframework\boot\spring-boot-autoconfigure\2.1.9.RELEASE\spring-boot-autoconfigure-2.1.9.RELEASE.jar;C:\Users\yanrong\.m2\repository\org\springframework\boot\spring-boot-starter-logging\2.1.9.RELEASE\spring-boot-starter-logging-2.1.9.RELEASE.jar;C:\Users\yanrong\.m2\repository\ch\qos\logback\logback-classic\1.2.3\logback-classic-1.2.3.jar;C:\Users\yanrong\.m2\repository\ch\qos\logback\logback-core\1.2.3\logback-core-1.2.3.jar;C:\Users\yanrong\.m2\repository\org\apache\logging\log4j\log4j-to-slf4j\2.11.2\log4j-to-slf4j-2.11.2.jar;C:\Users\yanrong\.m2\repository\org\apache\logging\log4j\log4j-api\2.11.2\log4j-api-2.11.2.jar;C:\Users\yanrong\.m2\repository\org\slf4j\jul-to-slf4j\1.7.28\jul-to-slf4j-1.7.28.jar;C:\Users\yanrong\.m2\repository\javax\annotation\javax.annotation-api\1.3.2\javax.annotation-api-1.3.2.jar;C:\Users\yanrong\.m2\repository\org\springframework\spring-core\5.1.10.RELEASE\spring-core-5.1.10.RELEASE.jar;C:\Users\yanrong\.m2\repository\org\springframework\spring-jcl\5.1.10.RELEASE\spring-jcl-5.1.10.RELEASE.jar;C:\Users\yanrong\.m2\repository\org\yaml\snakeyaml\1.23\snakeyaml-1.23.jar;C:\Users\yanrong\.m2\repository\org\springframework\boot\spring-boot-starter-test\2.1.9.RELEASE\spring-boot-starter-test-2.1.9.RELEASE.jar;C:\Users\yanrong\.m2\repository\org\springframework\boot\spring-boot-test\2.1.9.RELEASE\spring-boot-test-2.1.9.RELEASE.jar;C:\Users\yanrong\.m2\repository\org\springframework\boot\spring-boot-test-autoconfigure\2.1.9.RELEASE\spring-boot-test-autoconfigure-2.1.9.RELEASE.jar;C:\Users\yanrong\.m2\repository\com\jayway\jsonpath\json-path\2.4.0\json-path-2.4.0.jar;C:\Users\yanrong\.m2\repository\net\minidev\json-smart\2.3\json-smart-2.3.jar;C:\Users\yanrong\.m2\repository\net\minidev\accessors-smart\1.2\accessors-smart-1.2.jar;C:\Users\yanrong\.m2\repository\org\ow2\asm\asm\5.0.4\asm-5.0.4.jar;C:\Users\yanrong\.m2\repository\junit\junit\4.12\junit-4.12.jar;C:\Users\yanrong\.m2\repository\org\assertj\assertj-core\3.11.1\assertj-core-3.11.1.jar;C:\Users\yanrong\.m2\repository\org\mockito\mockito-core\2.23.4\mockito-core-2.23.4.jar;C:\Users\yanrong\.m2\repository\net\bytebuddy\byte-buddy\1.9.16\byte-buddy-1.9.16.jar;C:\Users\yanrong\.m2\repository\net\bytebuddy\byte-buddy-agent\1.9.16\byte-buddy-agent-1.9.16.jar;C:\Users\yanrong\.m2\repository\org\objenesis\objenesis\2.6\objenesis-2.6.jar;C:\Users\yanrong\.m2\repository\org\hamcrest\hamcrest-core\1.3\hamcrest-core-1.3.jar;C:\Users\yanrong\.m2\repository\org\hamcrest\hamcrest-library\1.3\hamcrest-library-1.3.jar;C:\Users\yanrong\.m2\repository\org\skyscreamer\jsonassert\1.5.0\jsonassert-1.5.0.jar;C:\Users\yanrong\.m2\repository\com\vaadin\external\google\android-json\0.0.20131108.vaadin1\android-json-0.0.20131108.vaadin1.jar;C:\Users\yanrong\.m2\repository\org\springframework\spring-test\5.1.10.RELEASE\spring-test-5.1.10.RELEASE.jar;C:\Users\yanrong\.m2\repository\org\xmlunit\xmlunit-core\2.6.3\xmlunit-core-2.6.3.jar;C:\Users\yanrong\.m2\repository\javax\xml\bind\jaxb-api\2.3.1\jaxb-api-2.3.1.jar;C:\Users\yanrong\.m2\repository\javax\activation\javax.activation-api\1.2.0\javax.activation-api-1.2.0.jar;C:\Users\yanrong\.m2\repository\org\springframework\boot\spring-boot-starter-data-redis\2.1.9.RELEASE\spring-boot-starter-data-redis-2.1.9.RELEASE.jar;C:\Users\yanrong\.m2\repository\org\springframework\data\spring-data-redis\2.1.11.RELEASE\spring-data-redis-2.1.11.RELEASE.jar;C:\Users\yanrong\.m2\repository\org\springframework\data\spring-data-keyvalue\2.1.11.RELEASE\spring-data-keyvalue-2.1.11.RELEASE.jar;C:\Users\yanrong\.m2\repository\org\springframework\data\spring-data-commons\2.1.11.RELEASE\spring-data-commons-2.1.11.RELEASE.jar;C:\Users\yanrong\.m2\repository\org\springframework\spring-tx\5.1.10.RELEASE\spring-tx-5.1.10.RELEASE.jar;C:\Users\yanrong\.m2\repository\org\springframework\spring-oxm\5.1.10.RELEASE\spring-oxm-5.1.10.RELEASE.jar;C:\Users\yanrong\.m2\repository\org\springframework\spring-context-support\5.1.10.RELEASE\spring-context-support-5.1.10.RELEASE.jar;C:\Users\yanrong\.m2\repository\io\lettuce\lettuce-core\5.1.8.RELEASE\lettuce-core-5.1.8.RELEASE.jar;C:\Users\yanrong\.m2\repository\io\netty\netty-common\4.1.39.Final\netty-common-4.1.39.Final.jar;C:\Users\yanrong\.m2\repository\io\netty\netty-handler\4.1.39.Final\netty-handler-4.1.39.Final.jar;C:\Users\yanrong\.m2\repository\io\netty\netty-transport\4.1.39.Final\netty-transport-4.1.39.Final.jar;C:\Users\yanrong\.m2\repository\io\netty\netty-resolver\4.1.39.Final\netty-resolver-4.1.39.Final.jar;C:\Users\yanrong\.m2\repository\io\projectreactor\reactor-core\3.2.12.RELEASE\reactor-core-3.2.12.RELEASE.jar;C:\Users\yanrong\.m2\repository\org\reactivestreams\reactive-streams\1.0.3\reactive-streams-1.0.3.jar;C:\Users\yanrong\.m2\repository\redis\clients\jedis\3.0.1\jedis-3.0.1.jar;C:\Users\yanrong\.m2\repository\org\slf4j\slf4j-api\1.7.28\slf4j-api-1.7.28.jar;C:\Users\yanrong\.m2\repository\org\apache\commons\commons-pool2\2.6.2\commons-pool2-2.6.2.jar;C:\Users\yanrong\.m2\repository\org\redisson\redisson-spring-boot-starter\3.11.3\redisson-spring-boot-starter-3.11.3.jar;C:\Users\yanrong\.m2\repository\org\springframework\boot\spring-boot-starter-actuator\2.1.9.RELEASE\spring-boot-starter-actuator-2.1.9.RELEASE.jar;C:\Users\yanrong\.m2\repository\org\springframework\boot\spring-boot-actuator-autoconfigure\2.1.9.RELEASE\spring-boot-actuator-autoconfigure-2.1.9.RELEASE.jar;C:\Users\yanrong\.m2\repository\org\springframework\boot\spring-boot-actuator\2.1.9.RELEASE\spring-boot-actuator-2.1.9.RELEASE.jar;C:\Users\yanrong\.m2\repository\io\micrometer\micrometer-core\1.1.7\micrometer-core-1.1.7.jar;C:\Users\yanrong\.m2\repository\org\hdrhistogram\HdrHistogram\2.1.9\HdrHistogram-2.1.9.jar;C:\Users\yanrong\.m2\repository\org\latencyutils\LatencyUtils\2.0.3\LatencyUtils-2.0.3.jar;C:\Users\yanrong\.m2\repository\org\redisson\redisson\3.11.3\redisson-3.11.3.jar;C:\Users\yanrong\.m2\repository\io\netty\netty-codec\4.1.39.Final\netty-codec-4.1.39.Final.jar;C:\Users\yanrong\.m2\repository\io\netty\netty-buffer\4.1.39.Final\netty-buffer-4.1.39.Final.jar;C:\Users\yanrong\.m2\repository\io\netty\netty-resolver-dns\4.1.39.Final\netty-resolver-dns-4.1.39.Final.jar;C:\Users\yanrong\.m2\repository\io\netty\netty-codec-dns\4.1.39.Final\netty-codec-dns-4.1.39.Final.jar;C:\Users\yanrong\.m2\repository\javax\cache\cache-api\1.1.1\cache-api-1.1.1.jar;C:\Users\yanrong\.m2\repository\io\reactivex\rxjava2\rxjava\2.2.12\rxjava-2.2.12.jar;C:\Users\yanrong\.m2\repository\de\ruedigermoeller\fst\2.57\fst-2.57.jar;C:\Users\yanrong\.m2\repository\org\javassist\javassist\3.21.0-GA\javassist-3.21.0-GA.jar;C:\Users\yanrong\.m2\repository\com\fasterxml\jackson\dataformat\jackson-dataformat-yaml\2.9.9\jackson-dataformat-yaml-2.9.9.jar;C:\Users\yanrong\.m2\repository\com\fasterxml\jackson\core\jackson-core\2.9.9\jackson-core-2.9.9.jar;C:\Users\yanrong\.m2\repository\com\fasterxml\jackson\core\jackson-databind\2.9.9.3\jackson-databind-2.9.9.3.jar;C:\Users\yanrong\.m2\repository\org\jodd\jodd-bean\5.0.13\jodd-bean-5.0.13.jar;C:\Users\yanrong\.m2\repository\org\jodd\jodd-core\5.0.13\jodd-core-5.0.13.jar;C:\Users\yanrong\.m2\repository\org\redisson\redisson-spring-data-21\3.11.3\redisson-spring-data-21-3.11.3.jar;C:\Users\yanrong\.m2\repository\org\springframework\boot\spring-boot-starter-web\2.1.9.RELEASE\spring-boot-starter-web-2.1.9.RELEASE.jar;C:\Users\yanrong\.m2\repository\org\springframework\boot\spring-boot-starter-json\2.1.9.RELEASE\spring-boot-starter-json-2.1.9.RELEASE.jar;C:\Users\yanrong\.m2\repository\com\fasterxml\jackson\datatype\jackson-datatype-jdk8\2.9.9\jackson-datatype-jdk8-2.9.9.jar;C:\Users\yanrong\.m2\repository\com\fasterxml\jackson\datatype\jackson-datatype-jsr310\2.9.9\jackson-datatype-jsr310-2.9.9.jar;C:\Users\yanrong\.m2\repository\com\fasterxml\jackson\module\jackson-module-parameter-names\2.9.9\jackson-module-parameter-names-2.9.9.jar;C:\Users\yanrong\.m2\repository\org\springframework\boot\spring-boot-starter-tomcat\2.1.9.RELEASE\spring-boot-starter-tomcat-2.1.9.RELEASE.jar;C:\Users\yanrong\.m2\repository\org\apache\tomcat\embed\tomcat-embed-core\9.0.26\tomcat-embed-core-9.0.26.jar;C:\Users\yanrong\.m2\repository\org\apache\tomcat\embed\tomcat-embed-el\9.0.26\tomcat-embed-el-9.0.26.jar;C:\Users\yanrong\.m2\repository\org\apache\tomcat\embed\tomcat-embed-websocket\9.0.26\tomcat-embed-websocket-9.0.26.jar;C:\Users\yanrong\.m2\repository\org\hibernate\validator\hibernate-validator\6.0.17.Final\hibernate-validator-6.0.17.Final.jar;C:\Users\yanrong\.m2\repository\javax\validation\validation-api\2.0.1.Final\validation-api-2.0.1.Final.jar;C:\Users\yanrong\.m2\repository\org\jboss\logging\jboss-logging\3.3.3.Final\jboss-logging-3.3.3.Final.jar;C:\Users\yanrong\.m2\repository\org\springframework\spring-web\5.1.10.RELEASE\spring-web-5.1.10.RELEASE.jar;C:\Users\yanrong\.m2\repository\org\springframework\spring-beans\5.1.10.RELEASE\spring-beans-5.1.10.RELEASE.jar;C:\Users\yanrong\.m2\repository\org\springframework\spring-webmvc\5.1.10.RELEASE\spring-webmvc-5.1.10.RELEASE.jar;C:\Users\yanrong\.m2\repository\org\springframework\spring-expression\5.1.10.RELEASE\spring-expression-5.1.10.RELEASE.jar;C:\Users\yanrong\.m2\repository\org\springframework\boot\spring-boot-starter-aop\2.1.9.RELEASE\spring-boot-starter-aop-2.1.9.RELEASE.jar;C:\Users\yanrong\.m2\repository\org\springframework\spring-aop\5.1.10.RELEASE\spring-aop-5.1.10.RELEASE.jar;C:\Users\yanrong\.m2\repository\org\aspectj\aspectjweaver\1.9.4\aspectjweaver-1.9.4.jar;C:\Users\yanrong\.m2\repository\org\springframework\boot\spring-boot-configuration-processor\2.1.9.RELEASE\spring-boot-configuration-processor-2.1.9.RELEASE.jar;C:\Users\yanrong\.m2\repository\org\springframework\boot\spring-boot-starter-jdbc\2.1.9.RELEASE\spring-boot-starter-jdbc-2.1.9.RELEASE.jar;C:\Users\yanrong\.m2\repository\com\zaxxer\HikariCP\3.2.0\HikariCP-3.2.0.jar;C:\Users\yanrong\.m2\repository\org\springframework\spring-jdbc\5.1.10.RELEASE\spring-jdbc-5.1.10.RELEASE.jar;C:\Users\yanrong\.m2\repository\mysql\mysql-connector-java\8.0.17\mysql-connector-java-8.0.17.jar;C:\Users\yanrong\.m2\repository\com\alibaba\druid\1.1.14\druid-1.1.14.jar;C:\Users\yanrong\.m2\repository\org\mybatis\spring\boot\mybatis-spring-boot-starter\1.3.0\mybatis-spring-boot-starter-1.3.0.jar;C:\Users\yanrong\.m2\repository\org\mybatis\spring\boot\mybatis-spring-boot-autoconfigure\1.3.0\mybatis-spring-boot-autoconfigure-1.3.0.jar;C:\Users\yanrong\.m2\repository\org\mybatis\mybatis\3.4.4\mybatis-3.4.4.jar;C:\Users\yanrong\.m2\repository\org\mybatis\mybatis-spring\1.3.1\mybatis-spring-1.3.1.jar;C:\Users\yanrong\.m2\repository\tk\mybatis\mapper-spring-boot-starter\1.1.3\mapper-spring-boot-starter-1.1.3.jar;C:\Users\yanrong\.m2\repository\tk\mybatis\mapper-spring-boot-autoconfigure\1.1.3\mapper-spring-boot-autoconfigure-1.1.3.jar;C:\Users\yanrong\.m2\repository\tk\mybatis\mapper\3.4.2\mapper-3.4.2.jar;C:\Users\yanrong\.m2\repository\javax\persistence\persistence-api\1.0\persistence-api-1.0.jar;C:\Users\yanrong\.m2\repository\io\springfox\springfox-swagger-ui\2.6.1\springfox-swagger-ui-2.6.1.jar;C:\Users\yanrong\.m2\repository\io\springfox\springfox-spring-web\2.6.1\springfox-spring-web-2.6.1.jar;C:\Users\yanrong\.m2\repository\io\springfox\springfox-swagger2\2.6.1\springfox-swagger2-2.6.1.jar;C:\Users\yanrong\.m2\repository\io\swagger\swagger-annotations\1.5.10\swagger-annotations-1.5.10.jar;C:\Users\yanrong\.m2\repository\io\swagger\swagger-models\1.5.10\swagger-models-1.5.10.jar;C:\Users\yanrong\.m2\repository\com\fasterxml\jackson\core\jackson-annotations\2.9.0\jackson-annotations-2.9.0.jar;C:\Users\yanrong\.m2\repository\io\springfox\springfox-spi\2.6.1\springfox-spi-2.6.1.jar;C:\Users\yanrong\.m2\repository\io\springfox\springfox-core\2.6.1\springfox-core-2.6.1.jar;C:\Users\yanrong\.m2\repository\io\springfox\springfox-schema\2.6.1\springfox-schema-2.6.1.jar;C:\Users\yanrong\.m2\repository\io\springfox\springfox-swagger-common\2.6.1\springfox-swagger-common-2.6.1.jar;C:\Users\yanrong\.m2\repository\com\google\guava\guava\18.0\guava-18.0.jar;C:\Users\yanrong\.m2\repository\com\fasterxml\classmate\1.4.0\classmate-1.4.0.jar;C:\Users\yanrong\.m2\repository\org\springframework\plugin\spring-plugin-core\1.2.0.RELEASE\spring-plugin-core-1.2.0.RELEASE.jar;C:\Users\yanrong\.m2\repository\org\springframework\plugin\spring-plugin-metadata\1.2.0.RELEASE\spring-plugin-metadata-1.2.0.RELEASE.jar;C:\Users\yanrong\.m2\repository\org\mapstruct\mapstruct\1.0.0.Final\mapstruct-1.0.0.Final.jar;C:\Users\yanrong\.m2\repository\org\projectlombok\lombok\1.18.8\lombok-1.18.8.jar;C:\Users\yanrong\.m2\repository\io\shardingsphere\sharding-core\3.1.0\sharding-core-3.1.0.jar;C:\Users\yanrong\.m2\repository\org\codehaus\groovy\groovy\2.4.5\groovy-2.4.5-indy.jar;C:\Users\yanrong\.m2\repository\org\antlr\antlr4\4.7.1\antlr4-4.7.1.jar;C:\Users\yanrong\.m2\repository\org\antlr\antlr4-runtime\4.7.1\antlr4-runtime-4.7.1.jar;C:\Users\yanrong\.m2\repository\org\antlr\antlr-runtime\3.5.2\antlr-runtime-3.5.2.jar;C:\Users\yanrong\.m2\repository\org\antlr\ST4\4.0.8\ST4-4.0.8.jar;C:\Users\yanrong\.m2\repository\org\abego\treelayout\org.abego.treelayout.core\1.0.3\org.abego.treelayout.core-1.0.3.jar;C:\Users\yanrong\.m2\repository\org\glassfish\javax.json\1.0.4\javax.json-1.0.4.jar;C:\Users\yanrong\.m2\repository\com\ibm\icu\icu4j\58.2\icu4j-58.2.jar;C:\Users\yanrong\.m2\repository\org\slf4j\jcl-over-slf4j\1.7.28\jcl-over-slf4j-1.7.28.jar;"/>
    <property name="java.vm.vendor" value="Oracle Corporation"/>
    <property name="sun.arch.data.model" value="64"/>
    <property name="user.variant" value=""/>
    <property name="java.vendor.url" value="http://java.oracle.com/"/>
    <property name="user.timezone" value="Asia/Shanghai"/>
    <property name="java.vm.specification.version" value="11"/>
    <property name="os.name" value="Windows 10"/>
    <property name="sun.java.launcher" value="SUN_STANDARD"/>
    <property name="user.country" value="CN"/>
    <property name="sun.boot.library.path" value="C:\Program Files (x86)\java\jdk-11.0.4\bin"/>
    <property name="sun.java.command" value="C:\Users\yanrong\AppData\Local\Temp\surefire2580107901833237149\surefirebooter15172372007098290401.jar C:\Users\yanrong\AppData\Local\Temp\surefire2580107901833237149 2019-10-18T11-14-56_204-jvmRun1 surefire3566120040846671846tmp surefire_010714748533107719800tmp"/>
    <property name="jdk.debug" value="release"/>
    <property name="surefire.test.class.path" value="C:\Users\yanrong\mySelfObject\springboot-mybatis-redis\target\test-classes;C:\Users\yanrong\mySelfObject\springboot-mybatis-redis\target\classes;C:\Users\yanrong\.m2\repository\org\springframework\boot\spring-boot-starter\2.1.9.RELEASE\spring-boot-starter-2.1.9.RELEASE.jar;C:\Users\yanrong\.m2\repository\org\springframework\boot\spring-boot\2.1.9.RELEASE\spring-boot-2.1.9.RELEASE.jar;C:\Users\yanrong\.m2\repository\org\springframework\spring-context\5.1.10.RELEASE\spring-context-5.1.10.RELEASE.jar;C:\Users\yanrong\.m2\repository\org\springframework\boot\spring-boot-autoconfigure\2.1.9.RELEASE\spring-boot-autoconfigure-2.1.9.RELEASE.jar;C:\Users\yanrong\.m2\repository\org\springframework\boot\spring-boot-starter-logging\2.1.9.RELEASE\spring-boot-starter-logging-2.1.9.RELEASE.jar;C:\Users\yanrong\.m2\repository\ch\qos\logback\logback-classic\1.2.3\logback-classic-1.2.3.jar;C:\Users\yanrong\.m2\repository\ch\qos\logback\logback-core\1.2.3\logback-core-1.2.3.jar;C:\Users\yanrong\.m2\repository\org\apache\logging\log4j\log4j-to-slf4j\2.11.2\log4j-to-slf4j-2.11.2.jar;C:\Users\yanrong\.m2\repository\org\apache\logging\log4j\log4j-api\2.11.2\log4j-api-2.11.2.jar;C:\Users\yanrong\.m2\repository\org\slf4j\jul-to-slf4j\1.7.28\jul-to-slf4j-1.7.28.jar;C:\Users\yanrong\.m2\repository\javax\annotation\javax.annotation-api\1.3.2\javax.annotation-api-1.3.2.jar;C:\Users\yanrong\.m2\repository\org\springframework\spring-core\5.1.10.RELEASE\spring-core-5.1.10.RELEASE.jar;C:\Users\yanrong\.m2\repository\org\springframework\spring-jcl\5.1.10.RELEASE\spring-jcl-5.1.10.RELEASE.jar;C:\Users\yanrong\.m2\repository\org\yaml\snakeyaml\1.23\snakeyaml-1.23.jar;C:\Users\yanrong\.m2\repository\org\springframework\boot\spring-boot-starter-test\2.1.9.RELEASE\spring-boot-starter-test-2.1.9.RELEASE.jar;C:\Users\yanrong\.m2\repository\org\springframework\boot\spring-boot-test\2.1.9.RELEASE\spring-boot-test-2.1.9.RELEASE.jar;C:\Users\yanrong\.m2\repository\org\springframework\boot\spring-boot-test-autoconfigure\2.1.9.RELEASE\spring-boot-test-autoconfigure-2.1.9.RELEASE.jar;C:\Users\yanrong\.m2\repository\com\jayway\jsonpath\json-path\2.4.0\json-path-2.4.0.jar;C:\Users\yanrong\.m2\repository\net\minidev\json-smart\2.3\json-smart-2.3.jar;C:\Users\yanrong\.m2\repository\net\minidev\accessors-smart\1.2\accessors-smart-1.2.jar;C:\Users\yanrong\.m2\repository\org\ow2\asm\asm\5.0.4\asm-5.0.4.jar;C:\Users\yanrong\.m2\repository\junit\junit\4.12\junit-4.12.jar;C:\Users\yanrong\.m2\repository\org\assertj\assertj-core\3.11.1\assertj-core-3.11.1.jar;C:\Users\yanrong\.m2\repository\org\mockito\mockito-core\2.23.4\mockito-core-2.23.4.jar;C:\Users\yanrong\.m2\repository\net\bytebuddy\byte-buddy\1.9.16\byte-buddy-1.9.16.jar;C:\Users\yanrong\.m2\repository\net\bytebuddy\byte-buddy-agent\1.9.16\byte-buddy-agent-1.9.16.jar;C:\Users\yanrong\.m2\repository\org\objenesis\objenesis\2.6\objenesis-2.6.jar;C:\Users\yanrong\.m2\repository\org\hamcrest\hamcrest-core\1.3\hamcrest-core-1.3.jar;C:\Users\yanrong\.m2\repository\org\hamcrest\hamcrest-library\1.3\hamcrest-library-1.3.jar;C:\Users\yanrong\.m2\repository\org\skyscreamer\jsonassert\1.5.0\jsonassert-1.5.0.jar;C:\Users\yanrong\.m2\repository\com\vaadin\external\google\android-json\0.0.20131108.vaadin1\android-json-0.0.20131108.vaadin1.jar;C:\Users\yanrong\.m2\repository\org\springframework\spring-test\5.1.10.RELEASE\spring-test-5.1.10.RELEASE.jar;C:\Users\yanrong\.m2\repository\org\xmlunit\xmlunit-core\2.6.3\xmlunit-core-2.6.3.jar;C:\Users\yanrong\.m2\repository\javax\xml\bind\jaxb-api\2.3.1\jaxb-api-2.3.1.jar;C:\Users\yanrong\.m2\repository\javax\activation\javax.activation-api\1.2.0\javax.activation-api-1.2.0.jar;C:\Users\yanrong\.m2\repository\org\springframework\boot\spring-boot-starter-data-redis\2.1.9.RELEASE\spring-boot-starter-data-redis-2.1.9.RELEASE.jar;C:\Users\yanrong\.m2\repository\org\springframework\data\spring-data-redis\2.1.11.RELEASE\spring-data-redis-2.1.11.RELEASE.jar;C:\Users\yanrong\.m2\repository\org\springframework\data\spring-data-keyvalue\2.1.11.RELEASE\spring-data-keyvalue-2.1.11.RELEASE.jar;C:\Users\yanrong\.m2\repository\org\springframework\data\spring-data-commons\2.1.11.RELEASE\spring-data-commons-2.1.11.RELEASE.jar;C:\Users\yanrong\.m2\repository\org\springframework\spring-tx\5.1.10.RELEASE\spring-tx-5.1.10.RELEASE.jar;C:\Users\yanrong\.m2\repository\org\springframework\spring-oxm\5.1.10.RELEASE\spring-oxm-5.1.10.RELEASE.jar;C:\Users\yanrong\.m2\repository\org\springframework\spring-context-support\5.1.10.RELEASE\spring-context-support-5.1.10.RELEASE.jar;C:\Users\yanrong\.m2\repository\io\lettuce\lettuce-core\5.1.8.RELEASE\lettuce-core-5.1.8.RELEASE.jar;C:\Users\yanrong\.m2\repository\io\netty\netty-common\4.1.39.Final\netty-common-4.1.39.Final.jar;C:\Users\yanrong\.m2\repository\io\netty\netty-handler\4.1.39.Final\netty-handler-4.1.39.Final.jar;C:\Users\yanrong\.m2\repository\io\netty\netty-transport\4.1.39.Final\netty-transport-4.1.39.Final.jar;C:\Users\yanrong\.m2\repository\io\netty\netty-resolver\4.1.39.Final\netty-resolver-4.1.39.Final.jar;C:\Users\yanrong\.m2\repository\io\projectreactor\reactor-core\3.2.12.RELEASE\reactor-core-3.2.12.RELEASE.jar;C:\Users\yanrong\.m2\repository\org\reactivestreams\reactive-streams\1.0.3\reactive-streams-1.0.3.jar;C:\Users\yanrong\.m2\repository\redis\clients\jedis\3.0.1\jedis-3.0.1.jar;C:\Users\yanrong\.m2\repository\org\slf4j\slf4j-api\1.7.28\slf4j-api-1.7.28.jar;C:\Users\yanrong\.m2\repository\org\apache\commons\commons-pool2\2.6.2\commons-pool2-2.6.2.jar;C:\Users\yanrong\.m2\repository\org\redisson\redisson-spring-boot-starter\3.11.3\redisson-spring-boot-starter-3.11.3.jar;C:\Users\yanrong\.m2\repository\org\springframework\boot\spring-boot-starter-actuator\2.1.9.RELEASE\spring-boot-starter-actuator-2.1.9.RELEASE.jar;C:\Users\yanrong\.m2\repository\org\springframework\boot\spring-boot-actuator-autoconfigure\2.1.9.RELEASE\spring-boot-actuator-autoconfigure-2.1.9.RELEASE.jar;C:\Users\yanrong\.m2\repository\org\springframework\boot\spring-boot-actuator\2.1.9.RELEASE\spring-boot-actuator-2.1.9.RELEASE.jar;C:\Users\yanrong\.m2\repository\io\micrometer\micrometer-core\1.1.7\micrometer-core-1.1.7.jar;C:\Users\yanrong\.m2\repository\org\hdrhistogram\HdrHistogram\2.1.9\HdrHistogram-2.1.9.jar;C:\Users\yanrong\.m2\repository\org\latencyutils\LatencyUtils\2.0.3\LatencyUtils-2.0.3.jar;C:\Users\yanrong\.m2\repository\org\redisson\redisson\3.11.3\redisson-3.11.3.jar;C:\Users\yanrong\.m2\repository\io\netty\netty-codec\4.1.39.Final\netty-codec-4.1.39.Final.jar;C:\Users\yanrong\.m2\repository\io\netty\netty-buffer\4.1.39.Final\netty-buffer-4.1.39.Final.jar;C:\Users\yanrong\.m2\repository\io\netty\netty-resolver-dns\4.1.39.Final\netty-resolver-dns-4.1.39.Final.jar;C:\Users\yanrong\.m2\repository\io\netty\netty-codec-dns\4.1.39.Final\netty-codec-dns-4.1.39.Final.jar;C:\Users\yanrong\.m2\repository\javax\cache\cache-api\1.1.1\cache-api-1.1.1.jar;C:\Users\yanrong\.m2\repository\io\reactivex\rxjava2\rxjava\2.2.12\rxjava-2.2.12.jar;C:\Users\yanrong\.m2\repository\de\ruedigermoeller\fst\2.57\fst-2.57.jar;C:\Users\yanrong\.m2\repository\org\javassist\javassist\3.21.0-GA\javassist-3.21.0-GA.jar;C:\Users\yanrong\.m2\repository\com\fasterxml\jackson\dataformat\jackson-dataformat-yaml\2.9.9\jackson-dataformat-yaml-2.9.9.jar;C:\Users\yanrong\.m2\repository\com\fasterxml\jackson\core\jackson-core\2.9.9\jackson-core-2.9.9.jar;C:\Users\yanrong\.m2\repository\com\fasterxml\jackson\core\jackson-databind\2.9.9.3\jackson-databind-2.9.9.3.jar;C:\Users\yanrong\.m2\repository\org\jodd\jodd-bean\5.0.13\jodd-bean-5.0.13.jar;C:\Users\yanrong\.m2\repository\org\jodd\jodd-core\5.0.13\jodd-core-5.0.13.jar;C:\Users\yanrong\.m2\repository\org\redisson\redisson-spring-data-21\3.11.3\redisson-spring-data-21-3.11.3.jar;C:\Users\yanrong\.m2\repository\org\springframework\boot\spring-boot-starter-web\2.1.9.RELEASE\spring-boot-starter-web-2.1.9.RELEASE.jar;C:\Users\yanrong\.m2\repository\org\springframework\boot\spring-boot-starter-json\2.1.9.RELEASE\spring-boot-starter-json-2.1.9.RELEASE.jar;C:\Users\yanrong\.m2\repository\com\fasterxml\jackson\datatype\jackson-datatype-jdk8\2.9.9\jackson-datatype-jdk8-2.9.9.jar;C:\Users\yanrong\.m2\repository\com\fasterxml\jackson\datatype\jackson-datatype-jsr310\2.9.9\jackson-datatype-jsr310-2.9.9.jar;C:\Users\yanrong\.m2\repository\com\fasterxml\jackson\module\jackson-module-parameter-names\2.9.9\jackson-module-parameter-names-2.9.9.jar;C:\Users\yanrong\.m2\repository\org\springframework\boot\spring-boot-starter-tomcat\2.1.9.RELEASE\spring-boot-starter-tomcat-2.1.9.RELEASE.jar;C:\Users\yanrong\.m2\repository\org\apache\tomcat\embed\tomcat-embed-core\9.0.26\tomcat-embed-core-9.0.26.jar;C:\Users\yanrong\.m2\repository\org\apache\tomcat\embed\tomcat-embed-el\9.0.26\tomcat-embed-el-9.0.26.jar;C:\Users\yanrong\.m2\repository\org\apache\tomcat\embed\tomcat-embed-websocket\9.0.26\tomcat-embed-websocket-9.0.26.jar;C:\Users\yanrong\.m2\repository\org\hibernate\validator\hibernate-validator\6.0.17.Final\hibernate-validator-6.0.17.Final.jar;C:\Users\yanrong\.m2\repository\javax\validation\validation-api\2.0.1.Final\validation-api-2.0.1.Final.jar;C:\Users\yanrong\.m2\repository\org\jboss\logging\jboss-logging\3.3.3.Final\jboss-logging-3.3.3.Final.jar;C:\Users\yanrong\.m2\repository\org\springframework\spring-web\5.1.10.RELEASE\spring-web-5.1.10.RELEASE.jar;C:\Users\yanrong\.m2\repository\org\springframework\spring-beans\5.1.10.RELEASE\spring-beans-5.1.10.RELEASE.jar;C:\Users\yanrong\.m2\repository\org\springframework\spring-webmvc\5.1.10.RELEASE\spring-webmvc-5.1.10.RELEASE.jar;C:\Users\yanrong\.m2\repository\org\springframework\spring-expression\5.1.10.RELEASE\spring-expression-5.1.10.RELEASE.jar;C:\Users\yanrong\.m2\repository\org\springframework\boot\spring-boot-starter-aop\2.1.9.RELEASE\spring-boot-starter-aop-2.1.9.RELEASE.jar;C:\Users\yanrong\.m2\repository\org\springframework\spring-aop\5.1.10.RELEASE\spring-aop-5.1.10.RELEASE.jar;C:\Users\yanrong\.m2\repository\org\aspectj\aspectjweaver\1.9.4\aspectjweaver-1.9.4.jar;C:\Users\yanrong\.m2\repository\org\springframework\boot\spring-boot-configuration-processor\2.1.9.RELEASE\spring-boot-configuration-processor-2.1.9.RELEASE.jar;C:\Users\yanrong\.m2\repository\org\springframework\boot\spring-boot-starter-jdbc\2.1.9.RELEASE\spring-boot-starter-jdbc-2.1.9.RELEASE.jar;C:\Users\yanrong\.m2\repository\com\zaxxer\HikariCP\3.2.0\HikariCP-3.2.0.jar;C:\Users\yanrong\.m2\repository\org\springframework\spring-jdbc\5.1.10.RELEASE\spring-jdbc-5.1.10.RELEASE.jar;C:\Users\yanrong\.m2\repository\mysql\mysql-connector-java\8.0.17\mysql-connector-java-8.0.17.jar;C:\Users\yanrong\.m2\repository\com\alibaba\druid\1.1.14\druid-1.1.14.jar;C:\Users\yanrong\.m2\repository\org\mybatis\spring\boot\mybatis-spring-boot-starter\1.3.0\mybatis-spring-boot-starter-1.3.0.jar;C:\Users\yanrong\.m2\repository\org\mybatis\spring\boot\mybatis-spring-boot-autoconfigure\1.3.0\mybatis-spring-boot-autoconfigure-1.3.0.jar;C:\Users\yanrong\.m2\repository\org\mybatis\mybatis\3.4.4\mybatis-3.4.4.jar;C:\Users\yanrong\.m2\repository\org\mybatis\mybatis-spring\1.3.1\mybatis-spring-1.3.1.jar;C:\Users\yanrong\.m2\repository\tk\mybatis\mapper-spring-boot-starter\1.1.3\mapper-spring-boot-starter-1.1.3.jar;C:\Users\yanrong\.m2\repository\tk\mybatis\mapper-spring-boot-autoconfigure\1.1.3\mapper-spring-boot-autoconfigure-1.1.3.jar;C:\Users\yanrong\.m2\repository\tk\mybatis\mapper\3.4.2\mapper-3.4.2.jar;C:\Users\yanrong\.m2\repository\javax\persistence\persistence-api\1.0\persistence-api-1.0.jar;C:\Users\yanrong\.m2\repository\io\springfox\springfox-swagger-ui\2.6.1\springfox-swagger-ui-2.6.1.jar;C:\Users\yanrong\.m2\repository\io\springfox\springfox-spring-web\2.6.1\springfox-spring-web-2.6.1.jar;C:\Users\yanrong\.m2\repository\io\springfox\springfox-swagger2\2.6.1\springfox-swagger2-2.6.1.jar;C:\Users\yanrong\.m2\repository\io\swagger\swagger-annotations\1.5.10\swagger-annotations-1.5.10.jar;C:\Users\yanrong\.m2\repository\io\swagger\swagger-models\1.5.10\swagger-models-1.5.10.jar;C:\Users\yanrong\.m2\repository\com\fasterxml\jackson\core\jackson-annotations\2.9.0\jackson-annotations-2.9.0.jar;C:\Users\yanrong\.m2\repository\io\springfox\springfox-spi\2.6.1\springfox-spi-2.6.1.jar;C:\Users\yanrong\.m2\repository\io\springfox\springfox-core\2.6.1\springfox-core-2.6.1.jar;C:\Users\yanrong\.m2\repository\io\springfox\springfox-schema\2.6.1\springfox-schema-2.6.1.jar;C:\Users\yanrong\.m2\repository\io\springfox\springfox-swagger-common\2.6.1\springfox-swagger-common-2.6.1.jar;C:\Users\yanrong\.m2\repository\com\google\guava\guava\18.0\guava-18.0.jar;C:\Users\yanrong\.m2\repository\com\fasterxml\classmate\1.4.0\classmate-1.4.0.jar;C:\Users\yanrong\.m2\repository\org\springframework\plugin\spring-plugin-core\1.2.0.RELEASE\spring-plugin-core-1.2.0.RELEASE.jar;C:\Users\yanrong\.m2\repository\org\springframework\plugin\spring-plugin-metadata\1.2.0.RELEASE\spring-plugin-metadata-1.2.0.RELEASE.jar;C:\Users\yanrong\.m2\repository\org\mapstruct\mapstruct\1.0.0.Final\mapstruct-1.0.0.Final.jar;C:\Users\yanrong\.m2\repository\org\projectlombok\lombok\1.18.8\lombok-1.18.8.jar;C:\Users\yanrong\.m2\repository\io\shardingsphere\sharding-core\3.1.0\sharding-core-3.1.0.jar;C:\Users\yanrong\.m2\repository\org\codehaus\groovy\groovy\2.4.5\groovy-2.4.5-indy.jar;C:\Users\yanrong\.m2\repository\org\antlr\antlr4\4.7.1\antlr4-4.7.1.jar;C:\Users\yanrong\.m2\repository\org\antlr\antlr4-runtime\4.7.1\antlr4-runtime-4.7.1.jar;C:\Users\yanrong\.m2\repository\org\antlr\antlr-runtime\3.5.2\antlr-runtime-3.5.2.jar;C:\Users\yanrong\.m2\repository\org\antlr\ST4\4.0.8\ST4-4.0.8.jar;C:\Users\yanrong\.m2\repository\org\abego\treelayout\org.abego.treelayout.core\1.0.3\org.abego.treelayout.core-1.0.3.jar;C:\Users\yanrong\.m2\repository\org\glassfish\javax.json\1.0.4\javax.json-1.0.4.jar;C:\Users\yanrong\.m2\repository\com\ibm\icu\icu4j\58.2\icu4j-58.2.jar;C:\Users\yanrong\.m2\repository\org\slf4j\jcl-over-slf4j\1.7.28\jcl-over-slf4j-1.7.28.jar;"/>
    <property name="sun.cpu.endian" value="little"/>
    <property name="user.home" value="C:\Users\yanrong"/>
    <property name="user.language" value="zh"/>
    <property name="java.specification.vendor" value="Oracle Corporation"/>
    <property name="java.version.date" value="2019-07-16"/>
    <property name="java.home" value="C:\Program Files (x86)\java\jdk-11.0.4"/>
    <property name="file.separator" value="\"/>
    <property name="basedir" value="C:\Users\yanrong\mySelfObject\springboot-mybatis-redis"/>
    <property name="java.vm.compressedOopsMode" value="32-bit"/>
    <property name="line.separator" value="&#10;"/>
    <property name="java.specification.name" value="Java Platform API Specification"/>
    <property name="java.vm.specification.vendor" value="Oracle Corporation"/>
    <property name="java.awt.graphicsenv" value="sun.awt.Win32GraphicsEnvironment"/>
    <property name="surefire.real.class.path" value="C:\Users\yanrong\AppData\Local\Temp\surefire2580107901833237149\surefirebooter15172372007098290401.jar"/>
    <property name="user.script" value=""/>
    <property name="sun.management.compiler" value="HotSpot 64-Bit Tiered Compilers"/>
    <property name="java.runtime.version" value="11.0.4+10-LTS"/>
    <property name="user.name" value="yanrong"/>
    <property name="path.separator" value=";"/>
    <property name="os.version" value="10.0"/>
    <property name="java.runtime.name" value="Java(TM) SE Runtime Environment"/>
    <property name="file.encoding" value="GBK"/>
    <property name="java.vm.name" value="Java HotSpot(TM) 64-Bit Server VM"/>
    <property name="java.vendor.version" value="18.9"/>
    <property name="localRepository" value="C:\Users\yanrong\.m2\repository"/>
    <property name="java.vendor.url.bug" value="http://bugreport.java.com/bugreport/"/>
    <property name="java.io.tmpdir" value="C:\Users\yanrong\AppData\Local\Temp\"/>
    <property name="idea.version" value="2018.1.3"/>
    <property name="java.version" value="11.0.4"/>
    <property name="user.dir" value="C:\Users\yanrong\mySelfObject\springboot-mybatis-redis"/>
    <property name="os.arch" value="amd64"/>
    <property name="java.vm.specification.name" value="Java Virtual Machine Specification"/>
    <property name="java.awt.printerjob" value="sun.awt.windows.WPrinterJob"/>
    <property name="sun.os.patch.level" value=""/>
    <property name="java.library.path" value="C:\Program Files (x86)\java\jdk-11.0.4\bin;C:\WINDOWS\Sun\Java\bin;C:\WINDOWS\system32;C:\WINDOWS;C:\Program Files (x86)\NetSarang\Xftp 6\;C:\Program Files (x86)\NetSarang\Xshell 6\;C:\Windows\Java\jdk1.8.0_221\bin;C:\Program Files (x86)\Common Files\Oracle\Java\javapath;C:\ProgramData\Oracle\Java\javapath;C:\WINDOWS\system32;C:\WINDOWS;C:\WINDOWS\System32\Wbem;C:\WINDOWS\System32\WindowsPowerShell\v1.0\;C:\Program Files\Git\cmd;C:\Program Files\maven\bin\;C:\WINDOWS\System32\OpenSSH\;C:\Windows\Java\jdk1.8.0_221\jre\bin;C:\Program Files\maven\bin\;C:\Program Files\gradle-5.6.2\bin;C:\Users\yanrong\zookeeper\bin;C:\Users\yanrong\redis;C:\Program Files (x86)\Tesseract-OCR;C:\Users\yanrong\AppData\Local\Microsoft\WindowsApps;C:\Users\yanrong\AppData\Local\GitHubDesktop\bin;."/>
    <property name="java.vendor" value="Oracle Corporation"/>
    <property name="java.vm.info" value="mixed mode"/>
    <property name="java.vm.version" value="11.0.4+10-LTS"/>
    <property name="sun.io.unicode.encoding" value="UnicodeLittle"/>
    <property name="java.class.version" value="55.0"/>
  </properties>
  <testcase name="contextLoads" classname="com.byr.RedisApplicationTests" time="0.479"/>
  <testcase name="redisTest" classname="com.byr.RedisApplicationTests" time="0.21"/>
</testsuite>